0 info it worked if it ends with ok
1 verbose cli [ 'C:\\Program Files\\nodejs\\node.exe',
1 verbose cli   'C:\\Program Files\\nodejs\\node_modules\\npm\\bin\\npm-cli.js',
1 verbose cli   'i',
1 verbose cli   'fis-optimizer-html-minifier',
1 verbose cli   '[-g]' ]
2 info using npm@3.10.10
3 info using node@v6.10.2
4 silly loadCurrentTree Starting
5 silly install loadCurrentTree
6 silly install readLocalPackageData
7 silly fetchPackageMetaData fis-optimizer-html-minifier
8 silly fetchPackageMetaData [-g]
9 silly fetchNamedPackageData fis-optimizer-html-minifier
10 silly mapToRegistry name fis-optimizer-html-minifier
11 silly mapToRegistry using default registry
12 silly mapToRegistry registry https://registry.npmjs.org/
13 silly mapToRegistry data Result {
13 silly mapToRegistry   raw: 'fis-optimizer-html-minifier',
13 silly mapToRegistry   scope: null,
13 silly mapToRegistry   escapedName: 'fis-optimizer-html-minifier',
13 silly mapToRegistry   name: 'fis-optimizer-html-minifier',
13 silly mapToRegistry   rawSpec: '',
13 silly mapToRegistry   spec: 'latest',
13 silly mapToRegistry   type: 'tag' }
14 silly mapToRegistry uri https://registry.npmjs.org/fis-optimizer-html-minifier
15 silly fetchOtherPackageData [-g]
16 silly cache add args [ '[-g]', null ]
17 verbose cache add spec [-g]
18 silly cache add parsed spec Result {
18 silly cache add   raw: '[-g]',
18 silly cache add   scope: null,
18 silly cache add   escapedName: null,
18 silly cache add   name: null,
18 silly cache add   rawSpec: '[-g]',
18 silly cache add   spec: 'C:\\Users\\lenovo\\Desktop\\baidu\\[-g]',
18 silly cache add   type: 'local' }
19 error addLocal Could not install C:\Users\lenovo\Desktop\baidu\[-g]
20 silly fetchPackageMetaData Error: ENOENT: no such file or directory, open 'C:\Users\lenovo\Desktop\baidu\[-g]'
20 silly fetchPackageMetaData     at Error (native)
20 silly fetchPackageMetaData  error for [-g] { Error: ENOENT: no such file or directory, open 'C:\Users\lenovo\Desktop\baidu\[-g]'
20 silly fetchPackageMetaData     at Error (native)
20 silly fetchPackageMetaData   errno: -4058,
20 silly fetchPackageMetaData   code: 'ENOENT',
20 silly fetchPackageMetaData   syscall: 'open',
20 silly fetchPackageMetaData   path: 'C:\\Users\\lenovo\\Desktop\\baidu\\[-g]' }
21 verbose request uri https://registry.npmjs.org/fis-optimizer-html-minifier
22 verbose request no auth needed
23 info attempt registry request try #1 at 18:02:12
24 verbose request id 65980c72e018f462
25 http request GET https://registry.npmjs.org/fis-optimizer-html-minifier
26 http 200 https://registry.npmjs.org/fis-optimizer-html-minifier
27 verbose headers { server: 'nginx/1.10.1',
27 verbose headers   'content-type': 'application/json',
27 verbose headers   'last-modified': 'Wed, 09 Jul 2014 10:52:04 GMT',
27 verbose headers   etag: 'W/"53bd1ed4-26a6"',
27 verbose headers   'content-encoding': 'gzip',
27 verbose headers   'cache-control': 'max-age=300',
27 verbose headers   'content-length': '1198',
27 verbose headers   'accept-ranges': 'bytes',
27 verbose headers   date: 'Tue, 18 Apr 2017 10:02:14 GMT',
27 verbose headers   via: '1.1 varnish',
27 verbose headers   age: '0',
27 verbose headers   connection: 'keep-alive',
27 verbose headers   'x-served-by': 'cache-itm7427-ITM',
27 verbose headers   'x-cache': 'MISS',
27 verbose headers   'x-cache-hits': '0',
27 verbose headers   'x-timer': 'S1492509734.156256,VS0,VE128',
27 verbose headers   vary: 'Accept-Encoding' }
28 silly get cb [ 200,
28 silly get   { server: 'nginx/1.10.1',
28 silly get     'content-type': 'application/json',
28 silly get     'last-modified': 'Wed, 09 Jul 2014 10:52:04 GMT',
28 silly get     etag: 'W/"53bd1ed4-26a6"',
28 silly get     'content-encoding': 'gzip',
28 silly get     'cache-control': 'max-age=300',
28 silly get     'content-length': '1198',
28 silly get     'accept-ranges': 'bytes',
28 silly get     date: 'Tue, 18 Apr 2017 10:02:14 GMT',
28 silly get     via: '1.1 varnish',
28 silly get     age: '0',
28 silly get     connection: 'keep-alive',
28 silly get     'x-served-by': 'cache-itm7427-ITM',
28 silly get     'x-cache': 'MISS',
28 silly get     'x-cache-hits': '0',
28 silly get     'x-timer': 'S1492509734.156256,VS0,VE128',
28 silly get     vary: 'Accept-Encoding' } ]
29 verbose get saving fis-optimizer-html-minifier to C:\Users\lenovo\AppData\Roaming\npm-cache\registry.npmjs.org\fis-optimizer-html-minifier\.cache.json
30 verbose correctMkdir C:\Users\lenovo\AppData\Roaming\npm-cache correctMkdir not in flight; initializing
31 silly rollbackFailedOptional Starting
32 silly rollbackFailedOptional Finishing
33 silly runTopLevelLifecycles Finishing
34 silly install printInstalled
35 verbose stack Error: ENOENT: no such file or directory, open 'C:\Users\lenovo\Desktop\baidu\[-g]'
35 verbose stack     at Error (native)
36 verbose cwd C:\Users\lenovo\Desktop\baidu
37 error Windows_NT 10.0.14393
38 error argv "C:\\Program Files\\nodejs\\node.exe" "C:\\Program Files\\nodejs\\node_modules\\npm\\bin\\npm-cli.js" "i" "fis-optimizer-html-minifier" "[-g]"
39 error node v6.10.2
40 error npm  v3.10.10
41 error path C:\Users\lenovo\Desktop\baidu\[-g]
42 error code ENOENT
43 error errno -4058
44 error syscall open
45 error enoent ENOENT: no such file or directory, open 'C:\Users\lenovo\Desktop\baidu\[-g]'
46 error enoent ENOENT: no such file or directory, open 'C:\Users\lenovo\Desktop\baidu\[-g]'
46 error enoent This is most likely not a problem with npm itself
46 error enoent and is related to npm not being able to find a file.
47 verbose exit [ -4058, true ]
